<?xml version="1.0" encoding="UTF-8"?>
<testsuite name="com.example.mizuho.weatherapp.ExampleUnitTest" tests="1" skipped="0" failures="0" errors="0" timestamp="2019-01-19T13:16:03" hostname="mba.local" time="0.001">
  <properties/>
  <testcase name="addition_isCorrect" classname="com.example.mizuho.weatherapp.ExampleUnitTest" time="0.001"/>
  <system-out><![CDATA[]]></system-out>
  <system-err><![CDATA[]]></system-err>
</testsuite>
